# JRE version: Java(TM) SE Runtime Environment (19.0.2+7) (build 19.0.2+7-44)
# Java VM: Java HotSpot(TM) 64-Bit Server VM (19.0.2+7-44, mixed mode, sharing, tiered, compressed oops, compressed class ptrs, g1 gc, windows-amd64)
GC Precious Log:
 CardTable entry size: 512
 Card Set container configuration: InlinePtr #cards 4 size 8 Array Of Cards #cards 32 size 80 Howl #buckets 8 coarsen threshold 7372 Howl Bitmap #cards 1024 size 144 coarsen threshold 921 Card regions per heap region 1 cards per card region 8192
 CPUs: 8 total, 8 available
 Memory: 20327M
 Large Page Support: Disabled
 NUMA Support: Disabled
 Compressed Oops: Enabled (Zero based)
 Heap Region Size: 4M
 Heap Min Capacity: 8M
 Heap Initial Capacity: 320M
 Heap Max Capacity: 5084M
 Pre-touch: Disabled
 Parallel Workers: 8
 Concurrent Workers: 2
 Concurrent Refinement Workers: 8
 Periodic GC: Disabled
Heap:
 garbage-first heap   total 139264K, used 66014K [0x00000006c2400000, 0x0000000800000000)
  region size 4096K, 8 young (32768K), 1 survivors (4096K)
 Metaspace       used 84720K, committed 85568K, reserved 1179648K
  class space    used 11301K, committed 11712K, reserved 1048576K
GC Heap History (20 events):
Event: 8.821 GC heap before
{Heap before GC invocations=14 (full 0):
 garbage-first heap   total 69632K, used 39047K [0x00000006c2400000, 0x0000000800000000)
  region size 4096K, 5 young (20480K), 1 survivors (4096K)
 Metaspace       used 59933K, committed 60480K, reserved 1114112K
  class space    used 7794K, committed 8064K, reserved 1048576K
}
Event: 8.823 GC heap after
{Heap after GC invocations=15 (full 0):
 garbage-first heap   total 69632K, used 26999K [0x00000006c2400000, 0x0000000800000000)
  region size 4096K, 1 young (4096K), 1 survivors (4096K)
 Metaspace       used 59933K, committed 60480K, reserved 1114112K
  class space    used 7794K, committed 8064K, reserved 1048576K
}
Event: 9.299 GC heap before
{Heap before GC invocations=16 (full 0):
 garbage-first heap   total 69632K, used 47479K [0x00000006c2400000, 0x0000000800000000)
  region size 4096K, 6 young (24576K), 1 survivors (4096K)
 Metaspace       used 64383K, committed 65024K, reserved 1114112K
  class space    used 8399K, committed 8704K, reserved 1048576K
}
Event: 9.302 GC heap after
{Heap after GC invocations=17 (full 0):
 garbage-first heap   total 69632K, used 28349K [0x00000006c2400000, 0x0000000800000000)
  region size 4096K, 1 young (4096K), 1 survivors (4096K)
 Metaspace       used 64383K, committed 65024K, reserved 1114112K
  class space    used 8399K, committed 8704K, reserved 1048576K
}
Event: 9.635 GC heap before
{Heap before GC invocations=17 (full 0):
 garbage-first heap   total 69632K, used 48829K [0x00000006c2400000, 0x0000000800000000)
  region size 4096K, 6 young (24576K), 1 survivors (4096K)
 Metaspace       used 66980K, committed 67648K, reserved 1114112K
  class space    used 8790K, committed 9088K, reserved 1048576K
}
Event: 9.639 GC heap after
{Heap after GC invocations=18 (full 0):
 garbage-first heap   total 69632K, used 29788K [0x00000006c2400000, 0x0000000800000000)
  region size 4096K, 1 young (4096K), 1 survivors (4096K)
 Metaspace       used 66980K, committed 67648K, reserved 1114112K
  class space    used 8790K, committed 9088K, reserved 1048576K
}
Event: 10.096 GC heap before
{Heap before GC invocations=18 (full 0):
 garbage-first heap   total 69632K, used 50268K [0x00000006c2400000, 0x0000000800000000)
  region size 4096K, 6 young (24576K), 1 survivors (4096K)
 Metaspace       used 69759K, committed 70400K, reserved 1114112K
  class space    used 9374K, committed 9664K, reserved 1048576K
}
Event: 10.101 GC heap after
{Heap after GC invocations=19 (full 0):
 garbage-first heap   total 69632K, used 31530K [0x00000006c2400000, 0x0000000800000000)
  region size 4096K, 1 young (4096K), 1 survivors (4096K)
 Metaspace       used 69759K, committed 70400K, reserved 1114112K
  class space    used 9374K, committed 9664K, reserved 1048576K
}
Event: 10.512 GC heap before
{Heap before GC invocations=19 (full 0):
 garbage-first heap   total 69632K, used 52010K [0x00000006c2400000, 0x0000000800000000)
  region size 4096K, 6 young (24576K), 1 survivors (4096K)
 Metaspace       used 71931K, committed 72640K, reserved 1114112K
  class space    used 9658K, committed 9984K, reserved 1048576K
}
Event: 10.517 GC heap after
{Heap after GC invocations=20 (full 0):
 garbage-first heap   total 69632K, used 32564K [0x00000006c2400000, 0x0000000800000000)
  region size 4096K, 1 young (4096K), 1 survivors (4096K)
 Metaspace       used 71931K, committed 72640K, reserved 1114112K
  class space    used 9658K, committed 9984K, reserved 1048576K
}
Event: 10.715 GC heap before
{Heap before GC invocations=20 (full 0):
 garbage-first heap   total 69632K, used 48948K [0x00000006c2400000, 0x0000000800000000)
  region size 4096K, 5 young (20480K), 1 survivors (4096K)
 Metaspace       used 72603K, committed 73344K, reserved 1114112K
  class space    used 9738K, committed 10048K, reserved 1048576K
}
Event: 10.719 GC heap after
{Heap after GC invocations=21 (full 0):
 garbage-first heap   total 69632K, used 33007K [0x00000006c2400000, 0x0000000800000000)
  region size 4096K, 1 young (4096K), 1 survivors (4096K)
 Metaspace       used 72603K, committed 73344K, reserved 1114112K
  class space    used 9738K, committed 10048K, reserved 1048576K
}
Event: 11.135 GC heap before
{Heap before GC invocations=22 (full 0):
 garbage-first heap   total 69632K, used 53487K [0x00000006c2400000, 0x0000000800000000)
  region size 4096K, 6 young (24576K), 1 survivors (4096K)
 Metaspace       used 74756K, committed 75456K, reserved 1114112K
  class space    used 10031K, committed 10368K, reserved 1048576K
}
Event: 11.140 GC heap after
{Heap after GC invocations=23 (full 0):
 garbage-first heap   total 69632K, used 34313K [0x00000006c2400000, 0x0000000800000000)
  region size 4096K, 1 young (4096K), 1 survivors (4096K)
 Metaspace       used 74756K, committed 75456K, reserved 1114112K
  class space    used 10031K, committed 10368K, reserved 1048576K
}
Event: 11.601 GC heap before
{Heap before GC invocations=23 (full 0):
 garbage-first heap   total 69632K, used 50697K [0x00000006c2400000, 0x0000000800000000)
  region size 4096K, 5 young (20480K), 1 survivors (4096K)
 Metaspace       used 75953K, committed 76672K, reserved 1179648K
  class space    used 10194K, committed 10496K, reserved 1048576K
}
Event: 11.608 GC heap after
{Heap after GC invocations=24 (full 0):
 garbage-first heap   total 200704K, used 35809K [0x00000006c2400000, 0x0000000800000000)
  region size 4096K, 1 young (4096K), 1 survivors (4096K)
 Metaspace       used 75953K, committed 76672K, reserved 1179648K
  class space    used 10194K, committed 10496K, reserved 1048576K
}
Event: 23.397 GC heap before
{Heap before GC invocations=25 (full 0):
 garbage-first heap   total 139264K, used 113633K [0x00000006c2400000, 0x0000000800000000)
  region size 4096K, 20 young (81920K), 1 survivors (4096K)
 Metaspace       used 84260K, committed 85056K, reserved 1179648K
  class space    used 11260K, committed 11648K, reserved 1048576K
}
Event: 23.422 GC heap after
{Heap after GC invocations=26 (full 0):
 garbage-first heap   total 139264K, used 41073K [0x00000006c2400000, 0x0000000800000000)
  region size 4096K, 3 young (12288K), 3 survivors (12288K)
 Metaspace       used 84260K, committed 85056K, reserved 1179648K
  class space    used 11260K, committed 11648K, reserved 1048576K
}
Event: 23.491 GC heap before
{Heap before GC invocations=26 (full 0):
 garbage-first heap   total 139264K, used 45169K [0x00000006c2400000, 0x0000000800000000)
  region size 4096K, 4 young (16384K), 3 survivors (12288K)
 Metaspace       used 84306K, committed 85120K, reserved 1179648K
  class space    used 11261K, committed 11648K, reserved 1048576K
}
Event: 23.506 GC heap after
{Heap after GC invocations=27 (full 0):
 garbage-first heap   total 139264K, used 41438K [0x00000006c2400000, 0x0000000800000000)
  region size 4096K, 1 young (4096K), 1 survivors (4096K)
 Metaspace       used 84306K, committed 85120K, reserved 1179648K
  class space    used 11261K, committed 11648K, reserved 1048576K
}

