# JRE version: Java(TM) SE Runtime Environment (19.0.2+7) (build 19.0.2+7-44)
# Java VM: Java HotSpot(TM) 64-Bit Server VM (19.0.2+7-44, mixed mode, sharing, tiered, compressed oops, compressed class ptrs, g1 gc, windows-amd64)
GC Precious Log:
 CardTable entry size: 512
 Card Set container configuration: InlinePtr #cards 4 size 8 Array Of Cards #cards 32 size 80 Howl #buckets 8 coarsen threshold 7372 Howl Bitmap #cards 1024 size 144 coarsen threshold 921 Card regions per heap region 1 cards per card region 8192
 CPUs: 8 total, 8 available
 Memory: 20327M
 Large Page Support: Disabled
 NUMA Support: Disabled
 Compressed Oops: Enabled (Zero based)
 Heap Region Size: 4M
 Heap Min Capacity: 8M
 Heap Initial Capacity: 320M
 Heap Max Capacity: 5084M
 Pre-touch: Disabled
 Parallel Workers: 8
 Concurrent Workers: 2
 Concurrent Refinement Workers: 8
 Periodic GC: Disabled
Heap:
 garbage-first heap   total 192512K, used 98016K [0x00000006c2400000, 0x0000000800000000)
  region size 4096K, 7 young (28672K), 1 survivors (4096K)
 Metaspace       used 35320K, committed 35840K, reserved 1114112K
  class space    used 3774K, committed 4032K, reserved 1048576K
GC Heap History (20 events):
Event: 1.635 GC heap before
{Heap before GC invocations=0 (full 0):
 garbage-first heap   total 327680K, used 20480K [0x00000006c2400000, 0x0000000800000000)
  region size 4096K, 5 young (20480K), 0 survivors (0K)
 Metaspace       used 5860K, committed 6016K, reserved 1114112K
  class space    used 646K, committed 704K, reserved 1048576K
}
Event: 1.642 GC heap after
{Heap after GC invocations=1 (full 0):
 garbage-first heap   total 327680K, used 3771K [0x00000006c2400000, 0x0000000800000000)
  region size 4096K, 1 young (4096K), 1 survivors (4096K)
 Metaspace       used 5860K, committed 6016K, reserved 1114112K
  class space    used 646K, committed 704K, reserved 1048576K
}
Event: 2.433 GC heap before
{Heap before GC invocations=1 (full 0):
 garbage-first heap   total 327680K, used 28347K [0x00000006c2400000, 0x0000000800000000)
  region size 4096K, 7 young (28672K), 1 survivors (4096K)
 Metaspace       used 8132K, committed 8320K, reserved 1114112K
  class space    used 907K, committed 1024K, reserved 1048576K
}
Event: 2.442 GC heap after
{Heap after GC invocations=2 (full 0):
 garbage-first heap   total 327680K, used 5354K [0x00000006c2400000, 0x0000000800000000)
  region size 4096K, 1 young (4096K), 1 survivors (4096K)
 Metaspace       used 8132K, committed 8320K, reserved 1114112K
  class space    used 907K, committed 1024K, reserved 1048576K
}
Event: 5.656 GC heap before
{Heap before GC invocations=2 (full 0):
 garbage-first heap   total 327680K, used 87274K [0x00000006c2400000, 0x0000000800000000)
  region size 4096K, 21 young (86016K), 1 survivors (4096K)
 Metaspace       used 16499K, committed 16768K, reserved 1114112K
  class space    used 1850K, committed 1984K, reserved 1048576K
}
Event: 5.670 GC heap after
{Heap after GC invocations=3 (full 0):
 garbage-first heap   total 327680K, used 13616K [0x00000006c2400000, 0x0000000800000000)
  region size 4096K, 3 young (12288K), 3 survivors (12288K)
 Metaspace       used 16499K, committed 16768K, reserved 1114112K
  class space    used 1850K, committed 1984K, reserved 1048576K
}
Event: 10.674 GC heap before
{Heap before GC invocations=3 (full 0):
 garbage-first heap   total 327680K, used 111920K [0x00000006c2400000, 0x0000000800000000)
  region size 4096K, 29 young (118784K), 3 survivors (12288K)
 Metaspace       used 21216K, committed 21504K, reserved 1114112K
  class space    used 2295K, committed 2432K, reserved 1048576K
}
Event: 10.709 GC heap after
{Heap after GC invocations=4 (full 0):
 garbage-first heap   total 327680K, used 27280K [0x00000006c2400000, 0x0000000800000000)
  region size 4096K, 6 young (24576K), 6 survivors (24576K)
 Metaspace       used 21216K, committed 21504K, reserved 1114112K
  class space    used 2295K, committed 2432K, reserved 1048576K
}
Event: 15.122 GC heap before
{Heap before GC invocations=5 (full 0):
 garbage-first heap   total 110592K, used 109200K [0x00000006c2400000, 0x0000000800000000)
  region size 4096K, 26 young (106496K), 6 survivors (24576K)
 Metaspace       used 28367K, committed 28736K, reserved 1114112K
  class space    used 3055K, committed 3200K, reserved 1048576K
}
Event: 15.178 GC heap after
{Heap after GC invocations=6 (full 0):
 garbage-first heap   total 159744K, used 47539K [0x00000006c2400000, 0x0000000800000000)
  region size 4096K, 6 young (24576K), 6 survivors (24576K)
 Metaspace       used 28367K, committed 28736K, reserved 1114112K
  class space    used 3055K, committed 3200K, reserved 1048576K
}
Event: 18.085 GC heap before
{Heap before GC invocations=6 (full 0):
 garbage-first heap   total 159744K, used 104883K [0x00000006c2400000, 0x0000000800000000)
  region size 4096K, 20 young (81920K), 6 survivors (24576K)
 Metaspace       used 30240K, committed 30656K, reserved 1114112K
  class space    used 3265K, committed 3456K, reserved 1048576K
}
Event: 18.119 GC heap after
{Heap after GC invocations=7 (full 0):
 garbage-first heap   total 159744K, used 50490K [0x00000006c2400000, 0x0000000800000000)
  region size 4096K, 1 young (4096K), 1 survivors (4096K)
 Metaspace       used 30240K, committed 30656K, reserved 1114112K
  class space    used 3265K, committed 3456K, reserved 1048576K
}
Event: 21.291 GC heap before
{Heap before GC invocations=7 (full 0):
 garbage-first heap   total 159744K, used 111930K [0x00000006c2400000, 0x0000000800000000)
  region size 4096K, 16 young (65536K), 1 survivors (4096K)
 Metaspace       used 32070K, committed 32640K, reserved 1114112K
  class space    used 3472K, committed 3776K, reserved 1048576K
}
Event: 21.305 GC heap after
{Heap after GC invocations=8 (full 0):
 garbage-first heap   total 159744K, used 49651K [0x00000006c2400000, 0x0000000800000000)
  region size 4096K, 1 young (4096K), 1 survivors (4096K)
 Metaspace       used 32070K, committed 32640K, reserved 1114112K
  class space    used 3472K, committed 3776K, reserved 1048576K
}
Event: 24.266 GC heap before
{Heap before GC invocations=8 (full 0):
 garbage-first heap   total 159744K, used 111091K [0x00000006c2400000, 0x0000000800000000)
  region size 4096K, 17 young (69632K), 1 survivors (4096K)
 Metaspace       used 32766K, committed 33344K, reserved 1114112K
  class space    used 3518K, committed 3776K, reserved 1048576K
}
Event: 24.289 GC heap after
{Heap after GC invocations=9 (full 0):
 garbage-first heap   total 159744K, used 72198K [0x00000006c2400000, 0x0000000800000000)
  region size 4096K, 3 young (12288K), 3 survivors (12288K)
 Metaspace       used 32766K, committed 33344K, reserved 1114112K
  class space    used 3518K, committed 3776K, reserved 1048576K
}
Event: 25.375 GC heap before
{Heap before GC invocations=9 (full 0):
 garbage-first heap   total 159744K, used 113158K [0x00000006c2400000, 0x0000000800000000)
  region size 4096K, 13 young (53248K), 3 survivors (12288K)
 Metaspace       used 33635K, committed 34176K, reserved 1114112K
  class space    used 3615K, committed 3904K, reserved 1048576K
}
Event: 25.394 GC heap after
{Heap after GC invocations=10 (full 0):
 garbage-first heap   total 159744K, used 77966K [0x00000006c2400000, 0x0000000800000000)
  region size 4096K, 2 young (8192K), 2 survivors (8192K)
 Metaspace       used 33635K, committed 34176K, reserved 1114112K
  class space    used 3615K, committed 3904K, reserved 1048576K
}
Event: 26.399 GC heap before
{Heap before GC invocations=10 (full 0):
 garbage-first heap   total 159744K, used 110734K [0x00000006c2400000, 0x0000000800000000)
  region size 4096K, 10 young (40960K), 2 survivors (8192K)
 Metaspace       used 34452K, committed 35008K, reserved 1114112K
  class space    used 3686K, committed 3968K, reserved 1048576K
}
Event: 26.406 GC heap after
{Heap after GC invocations=11 (full 0):
 garbage-first heap   total 192512K, used 77536K [0x00000006c2400000, 0x0000000800000000)
  region size 4096K, 1 young (4096K), 1 survivors (4096K)
 Metaspace       used 34452K, committed 35008K, reserved 1114112K
  class space    used 3686K, committed 3968K, reserved 1048576K
}

